<?xml version="1.0" encoding="UTF-8"?>
<!-- Generated by org.testng.reporters.JUnitReportReporter -->
<testsuite skipped="0" hostname="DESKTOP-D8Q9LKI" name="SanityTests.avazaAPI" tests="3" failures="0" timestamp="2020-11-05T21:21:35 IST" time="18.043" errors="0">
  <testcase name="test01_getProjectsNameFromServerAndVerify" time="5.605" classname="SanityTests.avazaAPI"/>
  <system-out/>
  <testcase name="test02_postTasksToServerAndVerify" time="7.344" classname="SanityTests.avazaAPI"/>
  <system-out/>
  <testcase name="test03_deleteTaskFromServerAndVerify" time="5.094" classname="SanityTests.avazaAPI"/>
  <system-out/>
</testsuite> <!-- SanityTests.avazaAPI -->
