<?xml version="1.0" encoding="UTF-8"?>
<!-- Generated by org.testng.reporters.JUnitReportReporter -->
<testsuite skipped="0" hostname="DESKTOP-D8Q9LKI" name="SanityTests.avazaWeb" tests="7" failures="0" timestamp="2020-11-05T21:21:58 IST" time="31.901" errors="0">
  <testcase name="test01_login" time="2.762" classname="SanityTests.avazaWeb"/>
  <system-out/>
  <testcase name="test02_verifyYouAreTheOnlyUser" time="1.948" classname="SanityTests.avazaWeb"/>
  <system-out/>
  <testcase name="test03_addAndVerifyNewUser" time="4.217" classname="SanityTests.avazaWeb"/>
  <system-out/>
  <testcase name="test04_deleteAndVerifyTheNewUser" time="2.806" classname="SanityTests.avazaWeb"/>
  <system-out/>
  <testcase name="test05_addNewWeatherTask" time="11.447" classname="SanityTests.avazaWeb"/>
  <system-out/>
  <testcase name="test06_addNewChuckNorrisJokeTask" time="5.964" classname="SanityTests.avazaWeb"/>
  <system-out/>
  <testcase name="test07_visualTestingOfTheAvatar" time="2.757" classname="SanityTests.avazaWeb"/>
  <system-out/>
</testsuite> <!-- SanityTests.avazaWeb -->
