<?xml version="1.0" encoding="UTF-8"?>
<!-- Generated by org.testng.reporters.JUnitReportReporter -->
<testsuite skipped="0" hostname="DESKTOP-D8Q9LKI" name="SanityTests.avazaAPI" tests="3" failures="0" timestamp="2020-11-05T22:50:35 IST" time="16.637" errors="0">
  <testcase name="test01_getProjectsNameFromServerAndVerify" time="4.256" classname="SanityTests.avazaAPI"/>
  <system-out/>
  <testcase name="test02_postTasksToServerAndVerify" time="7.056" classname="SanityTests.avazaAPI"/>
  <system-out/>
  <testcase name="test03_deleteTaskFromServerAndVerify" time="5.325" classname="SanityTests.avazaAPI"/>
  <system-out/>
</testsuite> <!-- SanityTests.avazaAPI -->
