<?xml version="1.0" encoding="UTF-8"?>
<!-- Generated by org.testng.reporters.JUnitReportReporter -->
<testsuite skipped="0" hostname="DESKTOP-D8Q9LKI" name="SanityTests.avazaWeb" tests="7" failures="0" timestamp="2020-11-05T22:49:28 IST" time="32.107" errors="0">
  <testcase name="test01_login" time="3.225" classname="SanityTests.avazaWeb"/>
  <system-out/>
  <testcase name="test02_verifyYouAreTheOnlyUser" time="1.979" classname="SanityTests.avazaWeb"/>
  <system-out/>
  <testcase name="test03_addAndVerifyNewUser" time="3.991" classname="SanityTests.avazaWeb"/>
  <system-out/>
  <testcase name="test04_deleteAndVerifyTheNewUser" time="3.014" classname="SanityTests.avazaWeb"/>
  <system-out/>
  <testcase name="test05_addNewWeatherTask" time="12.528" classname="SanityTests.avazaWeb"/>
  <system-out/>
  <testcase name="test06_addNewChuckNorrisJokeTask" time="5.915" classname="SanityTests.avazaWeb"/>
  <system-out/>
  <testcase name="test07_visualTestingOfTheAvatar" time="1.455" classname="SanityTests.avazaWeb"/>
  <system-out/>
</testsuite> <!-- SanityTests.avazaWeb -->
